[debug] [2021-12-29T20:46:49.104Z] ----------------------------------------------------------------------
[debug] [2021-12-29T20:46:49.109Z] Command:       C:\Program Files\nodejs\node.exe C:\Users\juana\AppData\Roaming\npm\node_modules\firebase-tools\lib\bin\firebase.js init
[debug] [2021-12-29T20:46:49.110Z] CLI Version:   10.0.1
[debug] [2021-12-29T20:46:49.111Z] Platform:      win32
[debug] [2021-12-29T20:46:49.111Z] Node Version:  v12.18.3
[debug] [2021-12-29T20:46:49.114Z] Time:          Wed Dec 29 2021 17:46:49 GMT-0300 (GMT-03:00)
[debug] [2021-12-29T20:46:49.114Z] ----------------------------------------------------------------------
[debug] 
[debug] [2021-12-29T20:46:49.121Z] >>> [apiv2][query] GET https://firebase-public.firebaseio.com/cli.json [none]
[debug] [2021-12-29T20:46:49.173Z] > command requires scopes: ["email","openid","https://www.googleapis.com/auth/cloudplatformprojects.readonly","https://www.googleapis.com/auth/firebase","https://www.googleapis.com/auth/cloud-platform"]
[debug] [2021-12-29T20:46:49.174Z] > authorizing via signed-in user (juanalvesandrade@gmail.com)
[info] 
     ######## #### ########  ######## ########     ###     ######  ########
     ##        ##  ##     ## ##       ##     ##  ##   ##  ##       ##
     ######    ##  ########  ######   ########  #########  ######  ######
     ##        ##  ##    ##  ##       ##     ## ##     ##       ## ##
     ##       #### ##     ## ######## ########  ##     ##  ######  ########

You're about to initialize a Firebase project in this directory:

  C:\Programas\treino\tinder

Before we get started, keep in mind:

  * You are currently outside your home directory

[debug] [2021-12-29T20:46:49.682Z] <<< [apiv2][status] GET https://firebase-public.firebaseio.com/cli.json 200
[debug] [2021-12-29T20:46:49.683Z] <<< [apiv2][body] GET https://firebase-public.firebaseio.com/cli.json {"cloudBuildErrorAfter":1594252800000,"cloudBuildWarnAfter":1590019200000,"defaultNode10After":1594252800000,"minVersion":"3.0.5","node8DeploysDisabledAfter":1613390400000,"node8RuntimeDisabledAfter":1615809600000,"node8WarnAfter":1600128000000}
